Arguments: 
  /Users/sam/.nvm/versions/node/v9.7.1/bin/node /usr/local/Cellar/yarn/1.5.1/libexec/bin/yarn.js typescript

PATH: 
  /Users/sam/.local/bin:/Users/sam/bin:./node_modules/.bin:/Users/sam/go/bin:/Users/sam/.cargo/bin:/Users/sam/.nvm/versions/node/v9.7.1/bin:/usr/local/bin:/usr/bin:/bin:/usr/sbin:/sbin:/Users/sam/.local/bin:/Users/sam/bin:./node_modules/.bin:/Users/sam/go/bin:/Users/sam/.cargo/bin:/Users/sam/.fzf/bin

Yarn version: 
  1.5.1

Node version: 
  9.7.1

Platform: 
  darwin x64

npm manifest: 
  {
    "name": "parsimmon-js",
    "version": "1.0.0",
    "main": "index.js",
    "author": "Sam Marshall <sjmarshy@gmail.com>",
    "license": "MIT",
    "dependencies": {
      "@types/parsimmon": "^1.6.1",
      "parsimmon": "^1.6.4"
    }
  }

yarn manifest: 
  No manifest

Lockfile: 
  # THIS IS AN AUTOGENERATED FILE. DO NOT EDIT THIS FILE DIRECTLY.
  # yarn lockfile v1
  
  
  "@types/parsimmon@^1.6.1":
    version "1.6.1"
    resolved "https://registry.yarnpkg.com/@types/parsimmon/-/parsimmon-1.6.1.tgz#c5d849baf59820389d03564ec4b0bea5900e64cb"
  
  parsimmon@^1.6.4:
    version "1.6.4"
    resolved "https://registry.yarnpkg.com/parsimmon/-/parsimmon-1.6.4.tgz#7ff16d52d58b9769d019b401848ee2c9bd94dd86"

Trace: 
  Error: Command "typescript" not found.
      at new MessageError (/usr/local/Cellar/yarn/1.5.1/libexec/lib/cli.js:186:110)
      at /usr/local/Cellar/yarn/1.5.1/libexec/lib/cli.js:87307:17
      at Generator.next (<anonymous>)
      at step (/usr/local/Cellar/yarn/1.5.1/libexec/lib/cli.js:98:30)
      at /usr/local/Cellar/yarn/1.5.1/libexec/lib/cli.js:116:14
      at new Promise (<anonymous>)
      at new F (/usr/local/Cellar/yarn/1.5.1/libexec/lib/cli.js:23451:28)
      at /usr/local/Cellar/yarn/1.5.1/libexec/lib/cli.js:95:12
      at runCommand (/usr/local/Cellar/yarn/1.5.1/libexec/lib/cli.js:87312:22)
      at Object.<anonymous> (/usr/local/Cellar/yarn/1.5.1/libexec/lib/cli.js:87412:14)
